2017/07/17 15:45:42 [warning] [application] Failed to set unsafe attribute "province1" of "Product".
in D:\new\carproject\protected\models\Product.php (388)
in D:\new\carproject\protected\modules\admin\controllers\AdminProductController.php (10)
in D:\new\carproject\index.php (16)
2017/07/17 15:45:42 [warning] [application] Failed to set unsafe attribute "city1" of "Product".
in D:\new\carproject\protected\models\Product.php (388)
in D:\new\carproject\protected\modules\admin\controllers\AdminProductController.php (10)
in D:\new\carproject\index.php (16)
2017/07/17 15:45:42 [warning] [application] Failed to set unsafe attribute "area1" of "Product".
in D:\new\carproject\protected\models\Product.php (388)
in D:\new\carproject\protected\modules\admin\controllers\AdminProductController.php (10)
in D:\new\carproject\index.php (16)
2017/07/17 15:45:42 [warning] [application] Failed to set unsafe attribute "storeid1" of "Product".
in D:\new\carproject\protected\models\Product.php (388)
in D:\new\carproject\protected\modules\admin\controllers\AdminProductController.php (10)
in D:\new\carproject\index.php (16)
2017/07/17 15:45:42 [warning] [application] Failed to set unsafe attribute "ctime_start" of "Product".
in D:\new\carproject\protected\models\Product.php (388)
in D:\new\carproject\protected\modules\admin\controllers\AdminProductController.php (10)
in D:\new\carproject\index.php (16)
2017/07/17 15:45:42 [warning] [application] Failed to set unsafe attribute "ctime_end" of "Product".
in D:\new\carproject\protected\models\Product.php (388)
in D:\new\carproject\protected\modules\admin\controllers\AdminProductController.php (10)
in D:\new\carproject\index.php (16)
2017/07/17 15:46:48 [warning] [application] Failed to set unsafe attribute "province1" of "Product".
in D:\new\carproject\protected\models\Product.php (388)
in D:\new\carproject\protected\modules\admin\controllers\AdminProductController.php (10)
in D:\new\carproject\index.php (16)
2017/07/17 15:46:48 [warning] [application] Failed to set unsafe attribute "city1" of "Product".
in D:\new\carproject\protected\models\Product.php (388)
in D:\new\carproject\protected\modules\admin\controllers\AdminProductController.php (10)
in D:\new\carproject\index.php (16)
2017/07/17 15:46:48 [warning] [application] Failed to set unsafe attribute "area1" of "Product".
in D:\new\carproject\protected\models\Product.php (388)
in D:\new\carproject\protected\modules\admin\controllers\AdminProductController.php (10)
in D:\new\carproject\index.php (16)
2017/07/17 15:46:48 [warning] [application] Failed to set unsafe attribute "storeid1" of "Product".
in D:\new\carproject\protected\models\Product.php (388)
in D:\new\carproject\protected\modules\admin\controllers\AdminProductController.php (10)
in D:\new\carproject\index.php (16)
2017/07/17 15:46:48 [warning] [application] Failed to set unsafe attribute "ctime_start" of "Product".
in D:\new\carproject\protected\models\Product.php (388)
in D:\new\carproject\protected\modules\admin\controllers\AdminProductController.php (10)
in D:\new\carproject\index.php (16)
2017/07/17 15:46:48 [warning] [application] Failed to set unsafe attribute "ctime_end" of "Product".
in D:\new\carproject\protected\models\Product.php (388)
in D:\new\carproject\protected\modules\admin\controllers\AdminProductController.php (10)
in D:\new\carproject\index.php (16)
2017/07/17 15:47:03 [warning] [application] Failed to set unsafe attribute "province1" of "Product".
in D:\new\carproject\protected\models\Product.php (388)
in D:\new\carproject\protected\modules\admin\controllers\AdminProductController.php (10)
in D:\new\carproject\index.php (16)
2017/07/17 15:47:03 [warning] [application] Failed to set unsafe attribute "city1" of "Product".
in D:\new\carproject\protected\models\Product.php (388)
in D:\new\carproject\protected\modules\admin\controllers\AdminProductController.php (10)
in D:\new\carproject\index.php (16)
2017/07/17 15:47:03 [warning] [application] Failed to set unsafe attribute "area1" of "Product".
in D:\new\carproject\protected\models\Product.php (388)
in D:\new\carproject\protected\modules\admin\controllers\AdminProductController.php (10)
in D:\new\carproject\index.php (16)
2017/07/17 15:47:03 [warning] [application] Failed to set unsafe attribute "storeid1" of "Product".
in D:\new\carproject\protected\models\Product.php (388)
in D:\new\carproject\protected\modules\admin\controllers\AdminProductController.php (10)
in D:\new\carproject\index.php (16)
2017/07/17 15:47:03 [warning] [application] Failed to set unsafe attribute "ctime_start" of "Product".
in D:\new\carproject\protected\models\Product.php (388)
in D:\new\carproject\protected\modules\admin\controllers\AdminProductController.php (10)
in D:\new\carproject\index.php (16)
2017/07/17 15:47:03 [warning] [application] Failed to set unsafe attribute "ctime_end" of "Product".
in D:\new\carproject\protected\models\Product.php (388)
in D:\new\carproject\protected\modules\admin\controllers\AdminProductController.php (10)
in D:\new\carproject\index.php (16)
2017/07/17 15:48:08 [error] [php] Undefined variable: stores (D:\new\carproject\protected\models\Store.php:229)
Stack trace:
#0 D:\new\framework\web\CController.php(308): CInlineAction->runWithParams()
#1 D:\new\framework\web\CController.php(286): AdminProductController->runAction()
#2 D:\new\framework\web\CController.php(265): AdminProductController->runActionWithFilters()
#3 D:\new\framework\web\CWebApplication.php(282): AdminProductController->run()
#4 D:\new\framework\web\CWebApplication.php(141): CWebApplication->runController()
#5 D:\new\framework\base\CApplication.php(169): CWebApplication->processRequest()
#6 D:\new\carproject\index.php(16): CWebApplication->run()
REQUEST_URI=/admin/adminProduct/add/id/12.html
in D:\new\carproject\protected\models\Store.php (229)
in D:\new\carproject\protected\modules\admin\controllers\AdminProductController.php (79)
in D:\new\carproject\index.php (16)
2017/07/17 15:48:56 [warning] [application] Failed to set unsafe attribute "province1" of "Product".
in D:\new\carproject\protected\models\Product.php (388)
in D:\new\carproject\protected\modules\admin\controllers\AdminProductController.php (10)
in D:\new\carproject\index.php (16)
2017/07/17 15:48:56 [warning] [application] Failed to set unsafe attribute "city1" of "Product".
in D:\new\carproject\protected\models\Product.php (388)
in D:\new\carproject\protected\modules\admin\controllers\AdminProductController.php (10)
in D:\new\carproject\index.php (16)
2017/07/17 15:48:56 [warning] [application] Failed to set unsafe attribute "area1" of "Product".
in D:\new\carproject\protected\models\Product.php (388)
in D:\new\carproject\protected\modules\admin\controllers\AdminProductController.php (10)
in D:\new\carproject\index.php (16)
2017/07/17 15:48:56 [warning] [application] Failed to set unsafe attribute "storeid1" of "Product".
in D:\new\carproject\protected\models\Product.php (388)
in D:\new\carproject\protected\modules\admin\controllers\AdminProductController.php (10)
in D:\new\carproject\index.php (16)
2017/07/17 15:48:56 [warning] [application] Failed to set unsafe attribute "ctime_start" of "Product".
in D:\new\carproject\protected\models\Product.php (388)
in D:\new\carproject\protected\modules\admin\controllers\AdminProductController.php (10)
in D:\new\carproject\index.php (16)
2017/07/17 15:48:56 [warning] [application] Failed to set unsafe attribute "ctime_end" of "Product".
in D:\new\carproject\protected\models\Product.php (388)
in D:\new\carproject\protected\modules\admin\controllers\AdminProductController.php (10)
in D:\new\carproject\index.php (16)
2017/07/17 15:50:36 [warning] [application] Failed to set unsafe attribute "current_num" of "Product".
in D:\new\carproject\protected\models\Product.php (163)
in D:\new\carproject\protected\modules\admin\controllers\AdminProductController.php (57)
in D:\new\carproject\index.php (16)
2017/07/17 15:50:36 [warning] [application] Failed to set unsafe attribute "province" of "Product".
in D:\new\carproject\protected\models\Product.php (163)
in D:\new\carproject\protected\modules\admin\controllers\AdminProductController.php (57)
in D:\new\carproject\index.php (16)
2017/07/17 15:50:36 [warning] [application] Failed to set unsafe attribute "city" of "Product".
in D:\new\carproject\protected\models\Product.php (163)
in D:\new\carproject\protected\modules\admin\controllers\AdminProductController.php (57)
in D:\new\carproject\index.php (16)
2017/07/17 15:50:36 [warning] [application] Failed to set unsafe attribute "area" of "Product".
in D:\new\carproject\protected\models\Product.php (163)
in D:\new\carproject\protected\modules\admin\controllers\AdminProductController.php (57)
in D:\new\carproject\index.php (16)
2017/07/17 15:50:36 [warning] [application] Failed to set unsafe attribute "customer" of "Product".
in D:\new\carproject\protected\models\Product.php (163)
in D:\new\carproject\protected\modules\admin\controllers\AdminProductController.php (57)
in D:\new\carproject\index.php (16)
2017/07/17 15:50:36 [warning] [application] Failed to set unsafe attribute "spec" of "Product".
in D:\new\carproject\protected\models\Product.php (163)
in D:\new\carproject\protected\modules\admin\controllers\AdminProductController.php (57)
in D:\new\carproject\index.php (16)
2017/07/17 15:50:36 [warning] [application] Failed to set unsafe attribute "company" of "Product".
in D:\new\carproject\protected\models\Product.php (163)
in D:\new\carproject\protected\modules\admin\controllers\AdminProductController.php (57)
in D:\new\carproject\index.php (16)
2017/07/17 15:51:06 [warning] [application] Failed to set unsafe attribute "province1" of "Product".
in D:\new\carproject\protected\models\Product.php (388)
in D:\new\carproject\protected\modules\admin\controllers\AdminProductController.php (10)
in D:\new\carproject\index.php (16)
2017/07/17 15:51:06 [warning] [application] Failed to set unsafe attribute "city1" of "Product".
in D:\new\carproject\protected\models\Product.php (388)
in D:\new\carproject\protected\modules\admin\controllers\AdminProductController.php (10)
in D:\new\carproject\index.php (16)
2017/07/17 15:51:06 [warning] [application] Failed to set unsafe attribute "area1" of "Product".
in D:\new\carproject\protected\models\Product.php (388)
in D:\new\carproject\protected\modules\admin\controllers\AdminProductController.php (10)
in D:\new\carproject\index.php (16)
2017/07/17 15:51:06 [warning] [application] Failed to set unsafe attribute "storeid1" of "Product".
in D:\new\carproject\protected\models\Product.php (388)
in D:\new\carproject\protected\modules\admin\controllers\AdminProductController.php (10)
in D:\new\carproject\index.php (16)
2017/07/17 15:51:06 [warning] [application] Failed to set unsafe attribute "ctime_start" of "Product".
in D:\new\carproject\protected\models\Product.php (388)
in D:\new\carproject\protected\modules\admin\controllers\AdminProductController.php (10)
in D:\new\carproject\index.php (16)
2017/07/17 15:51:06 [warning] [application] Failed to set unsafe attribute "ctime_end" of "Product".
in D:\new\carproject\protected\models\Product.php (388)
in D:\new\carproject\protected\modules\admin\controllers\AdminProductController.php (10)
in D:\new\carproject\index.php (16)
2017/07/17 15:51:09 [error] [php] Undefined variable: stores (D:\new\carproject\protected\models\Store.php:229)
Stack trace:
#0 D:\new\framework\web\CController.php(308): CInlineAction->runWithParams()
#1 D:\new\framework\web\CController.php(286): AdminProductController->runAction()
#2 D:\new\framework\web\CController.php(265): AdminProductController->runActionWithFilters()
#3 D:\new\framework\web\CWebApplication.php(282): AdminProductController->run()
#4 D:\new\framework\web\CWebApplication.php(141): CWebApplication->runController()
#5 D:\new\framework\base\CApplication.php(169): CWebApplication->processRequest()
#6 D:\new\carproject\index.php(16): CWebApplication->run()
REQUEST_URI=/admin/adminProduct/add/id/12.html
in D:\new\carproject\protected\models\Store.php (229)
in D:\new\carproject\protected\modules\admin\controllers\AdminProductController.php (79)
in D:\new\carproject\index.php (16)
2017/07/17 15:52:00 [error] [php] Invalid argument supplied for foreach() (D:\new\framework\web\helpers\CHtml.php:2053)
Stack trace:
#0 D:\new\carproject\protected\modules\admin\views\adminProduct\add.php(199): CActiveForm->dropDownList()
#1 D:\new\framework\web\CBaseController.php(126): require()
#2 D:\new\framework\web\CBaseController.php(95): AdminProductController->renderInternal()
#3 D:\new\framework\web\CController.php(869): AdminProductController->renderFile()
#4 D:\new\framework\web\CController.php(782): AdminProductController->renderPartial()
#5 D:\new\carproject\protected\modules\admin\controllers\AdminProductController.php(100): AdminProductController->render()
#6 D:\new\framework\web\actions\CInlineAction.php(49): AdminProductController->actionAdd()
#7 D:\new\framework\web\CController.php(308): CInlineAction->runWithParams()
#8 D:\new\framework\web\CController.php(286): AdminProductController->runAction()
#9 D:\new\framework\web\CController.php(265): AdminProductController->runActionWithFilters()
#10 D:\new\framework\web\CWebApplication.php(282): AdminProductController->run()
#11 D:\new\framework\web\CWebApplication.php(141): CWebApplication->runController()
#12 D:\new\framework\base\CApplication.php(169): CWebApplication->processRequest()
#13 D:\new\carproject\index.php(16): CWebApplication->run()
REQUEST_URI=/admin/adminProduct/add/id/12.html
in D:\new\carproject\protected\modules\admin\views\adminProduct\add.php (199)
in D:\new\carproject\protected\modules\admin\controllers\AdminProductController.php (100)
in D:\new\carproject\index.php (16)
2017/07/17 15:52:50 [warning] [application] Failed to set unsafe attribute "province1" of "Product".
in D:\new\carproject\protected\models\Product.php (388)
in D:\new\carproject\protected\modules\admin\controllers\AdminProductController.php (10)
in D:\new\carproject\index.php (16)
2017/07/17 15:52:50 [warning] [application] Failed to set unsafe attribute "city1" of "Product".
in D:\new\carproject\protected\models\Product.php (388)
in D:\new\carproject\protected\modules\admin\controllers\AdminProductController.php (10)
in D:\new\carproject\index.php (16)
2017/07/17 15:52:50 [warning] [application] Failed to set unsafe attribute "area1" of "Product".
in D:\new\carproject\protected\models\Product.php (388)
in D:\new\carproject\protected\modules\admin\controllers\AdminProductController.php (10)
in D:\new\carproject\index.php (16)
2017/07/17 15:52:50 [warning] [application] Failed to set unsafe attribute "storeid1" of "Product".
in D:\new\carproject\protected\models\Product.php (388)
in D:\new\carproject\protected\modules\admin\controllers\AdminProductController.php (10)
in D:\new\carproject\index.php (16)
2017/07/17 15:52:50 [warning] [application] Failed to set unsafe attribute "ctime_start" of "Product".
in D:\new\carproject\protected\models\Product.php (388)
in D:\new\carproject\protected\modules\admin\controllers\AdminProductController.php (10)
in D:\new\carproject\index.php (16)
2017/07/17 15:52:50 [warning] [application] Failed to set unsafe attribute "ctime_end" of "Product".
in D:\new\carproject\protected\models\Product.php (388)
in D:\new\carproject\protected\modules\admin\controllers\AdminProductController.php (10)
in D:\new\carproject\index.php (16)
2017/07/17 16:06:55 [warning] [application] Failed to set unsafe attribute "province1" of "Product".
in D:\new\carproject\protected\models\Product.php (388)
in D:\new\carproject\protected\modules\admin\controllers\AdminProductController.php (10)
in D:\new\carproject\index.php (16)
2017/07/17 16:06:55 [warning] [application] Failed to set unsafe attribute "city1" of "Product".
in D:\new\carproject\protected\models\Product.php (388)
in D:\new\carproject\protected\modules\admin\controllers\AdminProductController.php (10)
in D:\new\carproject\index.php (16)
2017/07/17 16:06:55 [warning] [application] Failed to set unsafe attribute "area1" of "Product".
in D:\new\carproject\protected\models\Product.php (388)
in D:\new\carproject\protected\modules\admin\controllers\AdminProductController.php (10)
in D:\new\carproject\index.php (16)
2017/07/17 16:06:55 [warning] [application] Failed to set unsafe attribute "storeid1" of "Product".
in D:\new\carproject\protected\models\Product.php (388)
in D:\new\carproject\protected\modules\admin\controllers\AdminProductController.php (10)
in D:\new\carproject\index.php (16)
2017/07/17 16:06:55 [warning] [application] Failed to set unsafe attribute "ctime_start" of "Product".
in D:\new\carproject\protected\models\Product.php (388)
in D:\new\carproject\protected\modules\admin\controllers\AdminProductController.php (10)
in D:\new\carproject\index.php (16)
2017/07/17 16:06:55 [warning] [application] Failed to set unsafe attribute "ctime_end" of "Product".
in D:\new\carproject\protected\models\Product.php (388)
in D:\new\carproject\protected\modules\admin\controllers\AdminProductController.php (10)
in D:\new\carproject\index.php (16)
2017/07/17 16:36:33 [warning] [application] Failed to set unsafe attribute "current_num" of "Product".
in D:\new\carproject\protected\models\Product.php (183)
in D:\new\carproject\protected\modules\admin\controllers\AdminProductController.php (57)
in D:\new\carproject\index.php (16)
2017/07/17 16:36:33 [warning] [application] Failed to set unsafe attribute "province" of "Product".
in D:\new\carproject\protected\models\Product.php (183)
in D:\new\carproject\protected\modules\admin\controllers\AdminProductController.php (57)
in D:\new\carproject\index.php (16)
2017/07/17 16:36:33 [warning] [application] Failed to set unsafe attribute "city" of "Product".
in D:\new\carproject\protected\models\Product.php (183)
in D:\new\carproject\protected\modules\admin\controllers\AdminProductController.php (57)
in D:\new\carproject\index.php (16)
2017/07/17 16:36:33 [warning] [application] Failed to set unsafe attribute "area" of "Product".
in D:\new\carproject\protected\models\Product.php (183)
in D:\new\carproject\protected\modules\admin\controllers\AdminProductController.php (57)
in D:\new\carproject\index.php (16)
2017/07/17 16:36:33 [warning] [application] Failed to set unsafe attribute "customer" of "Product".
in D:\new\carproject\protected\models\Product.php (183)
in D:\new\carproject\protected\modules\admin\controllers\AdminProductController.php (57)
in D:\new\carproject\index.php (16)
2017/07/17 16:36:33 [warning] [application] Failed to set unsafe attribute "spec" of "Product".
in D:\new\carproject\protected\models\Product.php (183)
in D:\new\carproject\protected\modules\admin\controllers\AdminProductController.php (57)
in D:\new\carproject\index.php (16)
2017/07/17 16:36:33 [warning] [application] Failed to set unsafe attribute "company" of "Product".
in D:\new\carproject\protected\models\Product.php (183)
in D:\new\carproject\protected\modules\admin\controllers\AdminProductController.php (57)
in D:\new\carproject\index.php (16)
2017/07/17 16:40:53 [warning] [application] Failed to set unsafe attribute "current_num" of "Product".
in D:\new\carproject\protected\models\Product.php (183)
in D:\new\carproject\protected\modules\admin\controllers\AdminProductController.php (57)
in D:\new\carproject\index.php (16)
2017/07/17 16:40:53 [warning] [application] Failed to set unsafe attribute "province" of "Product".
in D:\new\carproject\protected\models\Product.php (183)
in D:\new\carproject\protected\modules\admin\controllers\AdminProductController.php (57)
in D:\new\carproject\index.php (16)
2017/07/17 16:40:53 [warning] [application] Failed to set unsafe attribute "city" of "Product".
in D:\new\carproject\protected\models\Product.php (183)
in D:\new\carproject\protected\modules\admin\controllers\AdminProductController.php (57)
in D:\new\carproject\index.php (16)
2017/07/17 16:40:53 [warning] [application] Failed to set unsafe attribute "area" of "Product".
in D:\new\carproject\protected\models\Product.php (183)
in D:\new\carproject\protected\modules\admin\controllers\AdminProductController.php (57)
in D:\new\carproject\index.php (16)
2017/07/17 16:40:53 [warning] [application] Failed to set unsafe attribute "customer" of "Product".
in D:\new\carproject\protected\models\Product.php (183)
in D:\new\carproject\protected\modules\admin\controllers\AdminProductController.php (57)
in D:\new\carproject\index.php (16)
2017/07/17 16:40:53 [warning] [application] Failed to set unsafe attribute "spec" of "Product".
in D:\new\carproject\protected\models\Product.php (183)
in D:\new\carproject\protected\modules\admin\controllers\AdminProductController.php (57)
in D:\new\carproject\index.php (16)
2017/07/17 16:40:53 [warning] [application] Failed to set unsafe attribute "company" of "Product".
in D:\new\carproject\protected\models\Product.php (183)
in D:\new\carproject\protected\modules\admin\controllers\AdminProductController.php (57)
in D:\new\carproject\index.php (16)
2017/07/17 18:03:48 [error] [exception.CException] exception 'CException' with message 'Property "AdminLog.adminid" is not defined.' in D:\new\framework\base\CComponent.php:173
Stack trace:
#0 D:\new\framework\db\ar\CActiveRecord.php(159): CComponent->__set('adminid', '1')
#1 D:\new\carproject\protected\utils\CUtils.php(735): CActiveRecord->__set('adminid', '1')
#2 D:\new\carproject\protected\modules\admin\components\CAdminController.php(39): CUtils::addAdminLog('adminwarranty', 'index', Array, '1')
#3 D:\new\framework\web\CController.php(306): CAdminController->beforeAction(Object(CInlineAction))
#4 D:\new\framework\web\CController.php(286): CController->runAction(Object(CInlineAction))
#5 D:\new\framework\web\CController.php(265): CController->runActionWithFilters(Object(CInlineAction), Array)
#6 D:\new\framework\web\CWebApplication.php(282): CController->run('index')
#7 D:\new\framework\web\CWebApplication.php(141): CWebApplication->runController('admin/adminWarr...')
#8 D:\new\framework\base\CApplication.php(169): CWebApplication->processRequest()
#9 D:\new\carproject\index.php(16): CApplication->run()
#10 {main}
REQUEST_URI=/admin/adminWarranty/index.html
HTTP_REFERER=http://www.carproject.com/admin/adminWarranty/add.html
---
2017/07/17 18:05:08 [error] [php] Undefined index: adminproduct (D:\new\carproject\protected\utils\CUtils.php:732)
Stack trace:
#0 D:\new\framework\web\CController.php(286): AdminProductController->runAction()
#1 D:\new\framework\web\CController.php(265): AdminProductController->runActionWithFilters()
#2 D:\new\framework\web\CWebApplication.php(282): AdminProductController->run()
#3 D:\new\framework\web\CWebApplication.php(141): CWebApplication->runController()
#4 D:\new\framework\base\CApplication.php(169): CWebApplication->processRequest()
#5 D:\new\carproject\index.php(16): CWebApplication->run()
REQUEST_URI=/admin/adminProduct/index.html
in D:\new\carproject\protected\utils\CUtils.php (732)
in D:\new\carproject\protected\modules\admin\components\CAdminController.php (39)
in D:\new\carproject\index.php (16)
2017/07/17 18:06:34 [error] [php] Undefined index: setting (D:\new\carproject\protected\utils\CUtils.php:734)
Stack trace:
#0 D:\new\framework\web\CController.php(286): AdminWarrantyController->runAction()
#1 D:\new\framework\web\CController.php(265): AdminWarrantyController->runActionWithFilters()
#2 D:\new\framework\web\CWebApplication.php(282): AdminWarrantyController->run()
#3 D:\new\framework\web\CWebApplication.php(141): CWebApplication->runController()
#4 D:\new\framework\base\CApplication.php(169): CWebApplication->processRequest()
#5 D:\new\carproject\index.php(16): CWebApplication->run()
REQUEST_URI=/admin/adminWarranty/setting.html
in D:\new\carproject\protected\utils\CUtils.php (734)
in D:\new\carproject\protected\modules\admin\components\CAdminController.php (39)
in D:\new\carproject\index.php (16)
2017/07/17 18:06:38 [error] [php] Undefined index: setting (D:\new\carproject\protected\utils\CUtils.php:734)
Stack trace:
#0 D:\new\framework\web\CController.php(286): AdminWarrantyController->runAction()
#1 D:\new\framework\web\CController.php(265): AdminWarrantyController->runActionWithFilters()
#2 D:\new\framework\web\CWebApplication.php(282): AdminWarrantyController->run()
#3 D:\new\framework\web\CWebApplication.php(141): CWebApplication->runController()
#4 D:\new\framework\base\CApplication.php(169): CWebApplication->processRequest()
#5 D:\new\carproject\index.php(16): CWebApplication->run()
REQUEST_URI=/admin/adminWarranty/setting.html
in D:\new\carproject\protected\utils\CUtils.php (734)
in D:\new\carproject\protected\modules\admin\components\CAdminController.php (39)
in D:\new\carproject\index.php (16)
2017/07/17 18:06:41 [error] [php] Undefined index: setting (D:\new\carproject\protected\utils\CUtils.php:734)
Stack trace:
#0 D:\new\framework\web\CController.php(286): AdminWarrantyController->runAction()
#1 D:\new\framework\web\CController.php(265): AdminWarrantyController->runActionWithFilters()
#2 D:\new\framework\web\CWebApplication.php(282): AdminWarrantyController->run()
#3 D:\new\framework\web\CWebApplication.php(141): CWebApplication->runController()
#4 D:\new\framework\base\CApplication.php(169): CWebApplication->processRequest()
#5 D:\new\carproject\index.php(16): CWebApplication->run()
REQUEST_URI=/admin/adminWarranty/setting.html
in D:\new\carproject\protected\utils\CUtils.php (734)
in D:\new\carproject\protected\modules\admin\components\CAdminController.php (39)
in D:\new\carproject\index.php (16)
2017/07/17 18:11:03 [warning] [application] Failed to set unsafe attribute "carmodel" of "Warranty".
in D:\new\carproject\protected\models\Warranty.php (224)
in D:\new\carproject\protected\models\Warranty.php (216)
in D:\new\carproject\protected\modules\admin\controllers\AdminWarrantyController.php (80)
2017/07/17 18:11:03 [warning] [application] Failed to set unsafe attribute "constructor" of "Warranty".
in D:\new\carproject\protected\models\Warranty.php (224)
in D:\new\carproject\protected\models\Warranty.php (216)
in D:\new\carproject\protected\modules\admin\controllers\AdminWarrantyController.php (80)
2017/07/17 18:11:03 [warning] [application] Failed to set unsafe attribute "guide" of "Warranty".
in D:\new\carproject\protected\models\Warranty.php (224)
in D:\new\carproject\protected\models\Warranty.php (216)
in D:\new\carproject\protected\modules\admin\controllers\AdminWarrantyController.php (80)
2017/07/17 18:11:03 [warning] [application] Failed to set unsafe attribute "status" of "Warranty".
in D:\new\carproject\protected\models\Warranty.php (224)
in D:\new\carproject\protected\models\Warranty.php (216)
in D:\new\carproject\protected\modules\admin\controllers\AdminWarrantyController.php (80)
2017/07/17 18:11:03 [warning] [application] Failed to set unsafe attribute "refuse_reason" of "Warranty".
in D:\new\carproject\protected\models\Warranty.php (224)
in D:\new\carproject\protected\models\Warranty.php (216)
in D:\new\carproject\protected\modules\admin\controllers\AdminWarrantyController.php (80)
2017/07/17 18:11:03 [warning] [application] Failed to set unsafe attribute "mid" of "Warranty".
in D:\new\carproject\protected\models\Warranty.php (224)
in D:\new\carproject\protected\models\Warranty.php (216)
in D:\new\carproject\protected\modules\admin\controllers\AdminWarrantyController.php (80)
2017/07/17 18:11:03 [warning] [application] Failed to set unsafe attribute "pid" of "Warranty".
in D:\new\carproject\protected\models\Warranty.php (224)
in D:\new\carproject\protected\models\Warranty.php (216)
in D:\new\carproject\protected\modules\admin\controllers\AdminWarrantyController.php (80)
2017/07/17 18:11:03 [warning] [application] Failed to set unsafe attribute "extension" of "Warranty".
in D:\new\carproject\protected\models\Warranty.php (224)
in D:\new\carproject\protected\models\Warranty.php (216)
in D:\new\carproject\protected\modules\admin\controllers\AdminWarrantyController.php (80)
2017/07/17 18:11:03 [warning] [application] Failed to set unsafe attribute "create_user" of "Warranty".
in D:\new\carproject\protected\models\Warranty.php (224)
in D:\new\carproject\protected\models\Warranty.php (216)
in D:\new\carproject\protected\modules\admin\controllers\AdminWarrantyController.php (80)
2017/07/17 18:13:24 [warning] [application] Failed to set unsafe attribute "carmodel" of "Warranty".
in D:\new\carproject\protected\models\Warranty.php (224)
in D:\new\carproject\protected\models\Warranty.php (216)
in D:\new\carproject\protected\modules\admin\controllers\AdminWarrantyController.php (80)
2017/07/17 18:13:24 [warning] [application] Failed to set unsafe attribute "constructor" of "Warranty".
in D:\new\carproject\protected\models\Warranty.php (224)
in D:\new\carproject\protected\models\Warranty.php (216)
in D:\new\carproject\protected\modules\admin\controllers\AdminWarrantyController.php (80)
2017/07/17 18:13:24 [warning] [application] Failed to set unsafe attribute "guide" of "Warranty".
in D:\new\carproject\protected\models\Warranty.php (224)
in D:\new\carproject\protected\models\Warranty.php (216)
in D:\new\carproject\protected\modules\admin\controllers\AdminWarrantyController.php (80)
2017/07/17 18:13:24 [warning] [application] Failed to set unsafe attribute "status" of "Warranty".
in D:\new\carproject\protected\models\Warranty.php (224)
in D:\new\carproject\protected\models\Warranty.php (216)
in D:\new\carproject\protected\modules\admin\controllers\AdminWarrantyController.php (80)
2017/07/17 18:13:24 [warning] [application] Failed to set unsafe attribute "refuse_reason" of "Warranty".
in D:\new\carproject\protected\models\Warranty.php (224)
in D:\new\carproject\protected\models\Warranty.php (216)
in D:\new\carproject\protected\modules\admin\controllers\AdminWarrantyController.php (80)
2017/07/17 18:13:24 [warning] [application] Failed to set unsafe attribute "mid" of "Warranty".
in D:\new\carproject\protected\models\Warranty.php (224)
in D:\new\carproject\protected\models\Warranty.php (216)
in D:\new\carproject\protected\modules\admin\controllers\AdminWarrantyController.php (80)
2017/07/17 18:13:24 [warning] [application] Failed to set unsafe attribute "pid" of "Warranty".
in D:\new\carproject\protected\models\Warranty.php (224)
in D:\new\carproject\protected\models\Warranty.php (216)
in D:\new\carproject\protected\modules\admin\controllers\AdminWarrantyController.php (80)
2017/07/17 18:13:24 [warning] [application] Failed to set unsafe attribute "extension" of "Warranty".
in D:\new\carproject\protected\models\Warranty.php (224)
in D:\new\carproject\protected\models\Warranty.php (216)
in D:\new\carproject\protected\modules\admin\controllers\AdminWarrantyController.php (80)
2017/07/17 18:13:24 [warning] [application] Failed to set unsafe attribute "create_user" of "Warranty".
in D:\new\carproject\protected\models\Warranty.php (224)
in D:\new\carproject\protected\models\Warranty.php (216)
in D:\new\carproject\protected\modules\admin\controllers\AdminWarrantyController.php (80)
2017/07/17 18:38:39 [error] [php] Undefined index: set (D:\new\carproject\protected\utils\CUtils.php:738)
Stack trace:
#0 D:\new\framework\web\CController.php(286): AdminSettingPanelController->runAction()
#1 D:\new\framework\web\CController.php(265): AdminSettingPanelController->runActionWithFilters()
#2 D:\new\framework\web\CWebApplication.php(282): AdminSettingPanelController->run()
#3 D:\new\framework\web\CWebApplication.php(141): CWebApplication->runController()
#4 D:\new\framework\base\CApplication.php(169): CWebApplication->processRequest()
#5 D:\new\carproject\index.php(16): CWebApplication->run()
REQUEST_URI=/admin/adminSettingPanel/set.html
in D:\new\carproject\protected\utils\CUtils.php (738)
in D:\new\carproject\protected\modules\admin\components\CAdminController.php (39)
in D:\new\carproject\index.php (16)
2017/07/17 18:50:17 [error] [php] htmlspecialchars() expects parameter 1 to be string, array given (D:\new\framework\web\helpers\CHtml.php:98)
Stack trace:
#0 D:\new\framework\web\helpers\CHtml.php(153): renderAttributes()
#1 D:\new\framework\web\helpers\CHtml.php(1983): tag()
#2 D:\new\framework\web\helpers\CHtml.php(1257): activeInputField()
#3 D:\new\framework\web\widgets\CActiveForm.php(657): activeTextField()
#4 D:\new\carproject\protected\modules\admin\views\adminSettingPanel\set.php(179): CActiveForm->textField()
#5 D:\new\framework\web\CBaseController.php(126): require()
#6 D:\new\framework\web\CBaseController.php(95): AdminSettingPanelController->renderInternal()
#7 D:\new\framework\web\CController.php(869): AdminSettingPanelController->renderFile()
#8 D:\new\framework\web\CController.php(782): AdminSettingPanelController->renderPartial()
#9 D:\new\carproject\protected\modules\admin\controllers\AdminSettingPanelController.php(92): AdminSettingPanelController->render()
#10 D:\new\framework\web\actions\CInlineAction.php(49): AdminSettingPanelController->actionSet()
#11 D:\new\framework\web\CController.php(308): CInlineAction->runWithParams()
#12 D:\new\framework\web\CController.php(286): AdminSettingPanelController->runAction()
#13 D:\new\framework\web\CController.php(265): AdminSettingPanelController->runActionWithFilters()
#14 D:\new\framework\web\CWebApplication.php(282): AdminSettingPanelController->run()
#15 D:\new\framework\web\CWebApplication.php(141): CWebApplication->runController()
#16 D:\new\framework\base\CApplication.php(169): CWebApplication->processRequest()
#17 D:\new\carproject\index.php(16): CWebApplication->run()
REQUEST_URI=/admin/adminSettingPanel/set.html
in D:\new\carproject\protected\modules\admin\views\adminSettingPanel\set.php (179)
in D:\new\carproject\protected\modules\admin\controllers\AdminSettingPanelController.php (92)
in D:\new\carproject\index.php (16)
2017/07/17 19:01:24 [error] [php] Illegal string offset 'eaction' (D:\new\carproject\protected\models\Config.php:116)
Stack trace:
#0 D:\new\framework\web\actions\CInlineAction.php(49): AdminSettingPanelController->actionSet()
#1 D:\new\framework\web\CController.php(308): CInlineAction->runWithParams()
#2 D:\new\framework\web\CController.php(286): AdminSettingPanelController->runAction()
#3 D:\new\framework\web\CController.php(265): AdminSettingPanelController->runActionWithFilters()
#4 D:\new\framework\web\CWebApplication.php(282): AdminSettingPanelController->run()
#5 D:\new\framework\web\CWebApplication.php(141): CWebApplication->runController()
#6 D:\new\framework\base\CApplication.php(169): CWebApplication->processRequest()
#7 D:\new\carproject\index.php(16): CWebApplication->run()
REQUEST_URI=/admin/adminSettingPanel/set.html
in D:\new\carproject\protected\models\Config.php (116)
in D:\new\carproject\protected\modules\admin\controllers\AdminSettingPanelController.php (154)
in D:\new\carproject\protected\modules\admin\controllers\AdminSettingPanelController.php (83)
2017/07/17 19:03:44 [error] [php] Illegal string offset 'eaction' (D:\new\carproject\protected\models\Config.php:117)
Stack trace:
#0 D:\new\framework\web\actions\CInlineAction.php(49): AdminSettingPanelController->actionSet()
#1 D:\new\framework\web\CController.php(308): CInlineAction->runWithParams()
#2 D:\new\framework\web\CController.php(286): AdminSettingPanelController->runAction()
#3 D:\new\framework\web\CController.php(265): AdminSettingPanelController->runActionWithFilters()
#4 D:\new\framework\web\CWebApplication.php(282): AdminSettingPanelController->run()
#5 D:\new\framework\web\CWebApplication.php(141): CWebApplication->runController()
#6 D:\new\framework\base\CApplication.php(169): CWebApplication->processRequest()
#7 D:\new\carproject\index.php(16): CWebApplication->run()
REQUEST_URI=/admin/adminSettingPanel/set.html
in D:\new\carproject\protected\models\Config.php (117)
in D:\new\carproject\protected\modules\admin\controllers\AdminSettingPanelController.php (154)
in D:\new\carproject\protected\modules\admin\controllers\AdminSettingPanelController.php (83)
2017/07/17 19:03:47 [error] [php] Illegal string offset 'eaction' (D:\new\carproject\protected\models\Config.php:117)
Stack trace:
#0 D:\new\framework\web\actions\CInlineAction.php(49): AdminSettingPanelController->actionSet()
#1 D:\new\framework\web\CController.php(308): CInlineAction->runWithParams()
#2 D:\new\framework\web\CController.php(286): AdminSettingPanelController->runAction()
#3 D:\new\framework\web\CController.php(265): AdminSettingPanelController->runActionWithFilters()
#4 D:\new\framework\web\CWebApplication.php(282): AdminSettingPanelController->run()
#5 D:\new\framework\web\CWebApplication.php(141): CWebApplication->runController()
#6 D:\new\framework\base\CApplication.php(169): CWebApplication->processRequest()
#7 D:\new\carproject\index.php(16): CWebApplication->run()
REQUEST_URI=/admin/adminSettingPanel/set.html
in D:\new\carproject\protected\models\Config.php (117)
in D:\new\carproject\protected\modules\admin\controllers\AdminSettingPanelController.php (154)
in D:\new\carproject\protected\modules\admin\controllers\AdminSettingPanelController.php (83)
2017/07/17 19:03:58 [error] [php] Illegal string offset 'eaction' (D:\new\carproject\protected\models\Config.php:117)
Stack trace:
#0 D:\new\framework\web\CController.php(308): CInlineAction->runWithParams()
#1 D:\new\framework\web\CController.php(286): AdminSettingPanelController->runAction()
#2 D:\new\framework\web\CController.php(265): AdminSettingPanelController->runActionWithFilters()
#3 D:\new\framework\web\CWebApplication.php(282): AdminSettingPanelController->run()
#4 D:\new\framework\web\CWebApplication.php(141): CWebApplication->runController()
#5 D:\new\framework\base\CApplication.php(169): CWebApplication->processRequest()
#6 D:\new\carproject\index.php(16): CWebApplication->run()
REQUEST_URI=/admin/adminSettingPanel/set.html
in D:\new\carproject\protected\models\Config.php (117)
in D:\new\carproject\protected\modules\admin\controllers\AdminSettingPanelController.php (87)
in D:\new\carproject\index.php (16)
2017/07/17 19:03:59 [error] [php] Illegal string offset 'eaction' (D:\new\carproject\protected\models\Config.php:117)
Stack trace:
#0 D:\new\framework\web\CController.php(308): CInlineAction->runWithParams()
#1 D:\new\framework\web\CController.php(286): AdminSettingPanelController->runAction()
#2 D:\new\framework\web\CController.php(265): AdminSettingPanelController->runActionWithFilters()
#3 D:\new\framework\web\CWebApplication.php(282): AdminSettingPanelController->run()
#4 D:\new\framework\web\CWebApplication.php(141): CWebApplication->runController()
#5 D:\new\framework\base\CApplication.php(169): CWebApplication->processRequest()
#6 D:\new\carproject\index.php(16): CWebApplication->run()
REQUEST_URI=/admin/adminSettingPanel/index.html
in D:\new\carproject\protected\models\Config.php (117)
in D:\new\carproject\protected\modules\admin\controllers\AdminSettingPanelController.php (28)
in D:\new\carproject\index.php (16)
2017/07/17 19:04:04 [error] [php] Illegal string offset 'eaction' (D:\new\carproject\protected\models\Config.php:117)
Stack trace:
#0 D:\new\framework\web\CController.php(308): CInlineAction->runWithParams()
#1 D:\new\framework\web\CController.php(286): AdminSettingPanelController->runAction()
#2 D:\new\framework\web\CController.php(265): AdminSettingPanelController->runActionWithFilters()
#3 D:\new\framework\web\CWebApplication.php(282): AdminSettingPanelController->run()
#4 D:\new\framework\web\CWebApplication.php(141): CWebApplication->runController()
#5 D:\new\framework\base\CApplication.php(169): CWebApplication->processRequest()
#6 D:\new\carproject\index.php(16): CWebApplication->run()
REQUEST_URI=/admin/adminSettingPanel/index.html
in D:\new\carproject\protected\models\Config.php (117)
in D:\new\carproject\protected\modules\admin\controllers\AdminSettingPanelController.php (28)
in D:\new\carproject\index.php (16)
2017/07/17 19:09:29 [error] [php] Illegal string offset 'eaction' (D:\new\carproject\protected\models\Config.php:120)
Stack trace:
#0 D:\new\framework\web\CController.php(308): CInlineAction->runWithParams()
#1 D:\new\framework\web\CController.php(286): AdminSettingPanelController->runAction()
#2 D:\new\framework\web\CController.php(265): AdminSettingPanelController->runActionWithFilters()
#3 D:\new\framework\web\CWebApplication.php(282): AdminSettingPanelController->run()
#4 D:\new\framework\web\CWebApplication.php(141): CWebApplication->runController()
#5 D:\new\framework\base\CApplication.php(169): CWebApplication->processRequest()
#6 D:\new\carproject\index.php(16): CWebApplication->run()
REQUEST_URI=/admin/adminSettingPanel/index.html
in D:\new\carproject\protected\models\Config.php (120)
in D:\new\carproject\protected\modules\admin\controllers\AdminSettingPanelController.php (28)
in D:\new\carproject\index.php (16)
